<?xml version="1.0" encoding="UTF-8"?>
<!-- Generated by org.testng.reporters.JUnitReportReporter -->
<testsuite skipped="0" hostname="DESKTOP-C9OMQNM" name="OlympicsMedals.tests" tests="1" failures="0" timestamp="03 Jul 2018 17:44:02 GMT" time="2.271" errors="0">
  <testcase name="SortTest" time="2.271" classname="OlympicsMedals.tests"/>
</testsuite> <!-- OlympicsMedals.tests -->
