<?xml version="1.0" encoding="UTF-8"?>
<!-- Generated by org.testng.reporters.JUnitReportReporter -->
<testsuite skipped="0" hostname="DESKTOP-C9OMQNM" name="OlympicsMedals.self" tests="5" failures="0" timestamp="07 Jul 2018 14:54:11 GMT" time="9.594" errors="0">
  <testcase name="sortTest" time="1.186" classname="OlympicsMedals.self"/>
  <testcase name="theMost" time="2.994" classname="OlympicsMedals.self"/>
  <testcase name="silverEqual18" time="1.409" classname="OlympicsMedals.self"/>
  <testcase name="rowColumn" time="2.649" classname="OlympicsMedals.self"/>
  <testcase name="bronzeEqual18" time="1.356" classname="OlympicsMedals.self"/>
</testsuite> <!-- OlympicsMedals.self -->
