<?xml version="1.0" encoding="UTF-8"?>
<!-- Generated by org.testng.reporters.JUnitReportReporter -->
<testsuite skipped="0" hostname="DESKTOP-C9OMQNM" name="OlympicsMedals.test" tests="1" failures="0" timestamp="02 Jul 2018 23:49:14 GMT" time="0.372" errors="0">
  <testcase name="SortTest" time="0.372" classname="OlympicsMedals.test"/>
</testsuite> <!-- OlympicsMedals.test -->
